<?xml version="1.0" encoding="UTF-8"?>
<!-- Generated by org.testng.reporters.JUnitReportReporter -->
<testsuite skipped="0" hostname="Urvashis-Air-2.askey.com" name="testcases.suiteb.TestB" tests="2" failures="0" timestamp="2022-12-14T13:54:52 PST" time="0.134" errors="0">
  <testcase name="tesB" time="0.091" classname="testcases.suiteb.TestB"/>
  <system-out/>
  <testcase name="tesB" time="0.043" classname="testcases.suiteb.TestB"/>
  <system-out/>
</testsuite> <!-- testcases.suiteb.TestB -->
