<?xml version="1.0" encoding="UTF-8"?>
<!-- Generated by org.testng.reporters.JUnitReportReporter -->
<testsuite skipped="0" hostname="Urvashis-Air-2.askey.com" name="testcases.suitea.TestA" tests="2" failures="0" timestamp="2022-12-14T13:54:52 PST" time="0.999" errors="0">
  <testcase name="tesA" time="0.469" classname="testcases.suitea.TestA"/>
  <system-out/>
  <testcase name="tesA" time="0.530" classname="testcases.suitea.TestA"/>
  <system-out/>
</testsuite> <!-- testcases.suitea.TestA -->
