<?xml version="1.0" encoding="UTF-8"?>
<!-- Generated by org.testng.reporters.JUnitReportReporter -->
<testsuite skipped="0" hostname="Urvashis-Air-2.askey.com" name="testcases.suiteb.TestBB" tests="2" failures="0" timestamp="2022-12-14T13:54:52 PST" time="0.076" errors="0">
  <testcase name="tesBB" time="0.034" classname="testcases.suiteb.TestBB"/>
  <system-out/>
  <testcase name="tesBB" time="0.042" classname="testcases.suiteb.TestBB"/>
  <system-out/>
</testsuite> <!-- testcases.suiteb.TestBB -->
