<?xml version="1.0" encoding="UTF-8"?>
<!-- Generated by org.testng.reporters.JUnitReportReporter -->
<testsuite skipped="0" hostname="Urvashis-Air-2.askey.com" name="testcases.suitea.TestAA" tests="2" failures="0" timestamp="2022-12-14T13:54:52 PST" time="0.065" errors="0">
  <testcase name="tesAA" time="0.031" classname="testcases.suitea.TestAA"/>
  <system-out/>
  <testcase name="tesAA" time="0.034" classname="testcases.suitea.TestAA"/>
  <system-out/>
</testsuite> <!-- testcases.suitea.TestAA -->
