<?xml version="1.0" encoding="UTF-8"?>
<!-- Generated by org.testng.reporters.JUnitReportReporter -->
<testsuite hostname="Urvashis-MacBook-Air-2.local" failures="0" tests="2" name="suitea.LoginTest" time="0.051" errors="0" timestamp="2022-05-11T00:00:54 PDT" skipped="0">
  <testcase classname="suitea.LoginTest" name="greaterTest" time="0.045"/>
  <testcase classname="suitea.LoginTest" name="smallerTest" time="0.006"/>
</testsuite> <!-- suitea.LoginTest -->
