<?xml version="1.0" encoding="UTF-8"?>
<!-- Generated by org.testng.reporters.JUnitReportReporter -->
<testsuite hostname="Urvashis-MacBook-Air-2.local" failures="0" tests="1" name="suiteb.TestB" time="0.004" errors="0" timestamp="2022-05-11T00:00:54 PDT" skipped="0">
  <testcase classname="suiteb.TestB" name="TitleTest" time="0.004"/>
</testsuite> <!-- suiteb.TestB -->
