<?xml version="1.0" encoding="UTF-8"?>
<!-- Generated by org.testng.reporters.JUnitReportReporter -->
<testsuite hostname="Urvashis-Air-2.askey.com" failures="0" tests="2" name="testclass.VerifyMessage" time="0.017" errors="0" timestamp="2022-12-11T14:48:27 PST" skipped="0">
  <testcase classname="testclass.VerifyMessage" name="printt" time="0.011"/>
  <system-out/>
  <testcase classname="testclass.VerifyMessage" name="validate" time="0.006"/>
  <system-out/>
</testsuite> <!-- testclass.VerifyMessage -->
