<?xml version="1.0" encoding="UTF-8"?>
<!-- Generated by org.testng.reporters.JUnitReportReporter -->
<testsuite skipped="1" hostname="Urvashis-Air-2.askey.com" name="testcases.MakeDish" tests="4" failures="0" timestamp="2022-12-08T12:40:14 PST" time="0.016" errors="0">
  <testcase name="selectRecipe" time="0.010" classname="testcases.MakeDish"/>
  <system-out/>
  <testcase name="prepIngredients" time="0.002" classname="testcases.MakeDish"/>
  <system-out/>
  <testcase name="setTemp" time="0.004" classname="testcases.MakeDish"/>
  <system-out/>
  <testcase name="setTime" classname="testcases.MakeDish">
    <skipped/>
  </testcase> <!-- setTime -->
  <system-out/>
</testsuite> <!-- testcases.MakeDish -->
