<?xml version="1.0" encoding="UTF-8"?>
<!-- Generated by org.testng.reporters.JUnitReportReporter -->
<testsuite hostname="Urvashis-Air-2.askey.com" failures="0" tests="1" name="testcases.LoginTest" time="0.946" errors="0" timestamp="2022-12-12T15:18:21 PST" skipped="0">
  <testcase classname="testcases.LoginTest" name="login" time="0.946"/>
  <system-out/>
</testsuite> <!-- testcases.LoginTest -->
