<?xml version="1.0" encoding="UTF-8"?>
<!-- Generated by org.testng.reporters.JUnitReportReporter -->
<testsuite skipped="0" hostname="Urvashis-MacBook-Air-2.local" name="testcases.RegisterTest" tests="3" failures="0" timestamp="2022-05-11T18:10:43 PDT" time="1.151" errors="0">
  <testcase name="checkName" time="0.060" classname="testcases.RegisterTest"/>
  <testcase name="register" time="1.077" classname="testcases.RegisterTest"/>
  <testcase name="logIntoReport" time="0.014" classname="testcases.RegisterTest"/>
</testsuite> <!-- testcases.RegisterTest -->
