<?xml version="1.0" encoding="UTF-8"?>
<!-- Generated by org.testng.reporters.JUnitReportReporter -->
<testsuite skipped="0" hostname="Urvashis-MacBook-Air-2.local" name="testcases.LoginTest" tests="2" failures="0" timestamp="2022-05-10T19:19:28 PDT" time="0.773" errors="0">
  <testcase name="login" time="0.748" classname="testcases.LoginTest"/>
  <testcase name="checkTitle" time="0.025" classname="testcases.LoginTest"/>
</testsuite> <!-- testcases.LoginTest -->
