<?xml version="1.0" encoding="UTF-8"?>
<!-- Generated by org.testng.reporters.JUnitReportReporter -->
<testsuite skipped="0" hostname="Urvashis-MacBook-Air-2.local" name="suitec.TestC" tests="1" failures="0" timestamp="2022-06-06T11:17:03 PDT" time="0.015" errors="0">
  <testcase name="testC" time="0.015" classname="suitec.TestC"/>
</testsuite> <!-- suitec.TestC -->
