<?xml version="1.0" encoding="UTF-8"?>
<!-- Generated by org.testng.reporters.JUnitReportReporter -->
<testsuite skipped="0" hostname="Urvashis-MacBook-Air-2.local" name="suitec.TestCC" tests="1" failures="0" timestamp="2022-06-06T11:17:03 PDT" time="0.023" errors="0">
  <testcase name="testCC" time="0.023" classname="suitec.TestCC"/>
</testsuite> <!-- suitec.TestCC -->
