<?xml version="1.0" encoding="UTF-8"?>
<!-- Generated by org.testng.reporters.JUnitReportReporter -->
<testsuite skipped="0" hostname="Urvashis-MacBook-Air-2.local" name="suiteb.TestBB" tests="1" failures="0" timestamp="2022-06-06T11:17:03 PDT" time="0.042" errors="0">
  <testcase name="testBB" time="0.042" classname="suiteb.TestBB"/>
</testsuite> <!-- suiteb.TestBB -->
