<?xml version="1.0" encoding="UTF-8"?>
<!-- Generated by org.testng.reporters.JUnitReportReporter -->
<testsuite hostname="Urvashis-MacBook-Air-2.local" failures="0" tests="1" name="testcases.TestAA" time="3.001" errors="0" timestamp="2022-05-04T12:40:52 PDT" skipped="0">
  <testcase classname="testcases.TestAA" name="testAA" time="3.001"/>
</testsuite> <!-- testcases.TestAA -->
