<?xml version="1.0" encoding="UTF-8"?>
<!-- Generated by org.testng.reporters.JUnitReportReporter -->
<testsuite hostname="Urvashis-MacBook-Air-2.local" failures="0" tests="1" name="testcases.TestA" time="3.012" errors="0" timestamp="2022-05-04T12:40:52 PDT" skipped="0">
  <testcase classname="testcases.TestA" name="testA" time="3.012"/>
</testsuite> <!-- testcases.TestA -->
