<?xml version="1.0" encoding="UTF-8"?>
<!-- Generated by org.testng.reporters.JUnitReportReporter -->
<testsuite hostname="Urvashis-MacBook-Air-2.local" failures="0" tests="3" name="testcases.TestngAnnotations" time="0.015" errors="0" timestamp="2022-05-10T21:35:12 PDT" skipped="0">
  <testcase classname="testcases.TestngAnnotations" name="isValidTest" time="0.006"/>
  <testcase classname="testcases.TestngAnnotations" name="loggedInCheck" time="0.007"/>
  <testcase classname="testcases.TestngAnnotations" name="IsTitleVisibleTest" time="0.002"/>
</testsuite> <!-- testcases.TestngAnnotations -->
