<?xml version="1.0" encoding="UTF-8"?>
<!-- Generated by org.testng.reporters.JUnitReportReporter -->
<testsuite hostname="Urvashis-MacBook-Air-2.local" failures="0" tests="5" name="testcases.TestNGDataprovider" time="0.023" errors="0" timestamp="2022-05-10T21:35:12 PDT" skipped="0">
  <testcase classname="testcases.TestNGDataprovider" name="printTable" time="0.005"/>
  <testcase classname="testcases.TestNGDataprovider" name="printTable" time="0.003"/>
  <testcase classname="testcases.TestNGDataprovider" name="printTable" time="0.005"/>
  <testcase classname="testcases.TestNGDataprovider" name="printTable" time="0.008"/>
  <testcase classname="testcases.TestNGDataprovider" name="printTable" time="0.002"/>
</testsuite> <!-- testcases.TestNGDataprovider -->
